c:\users\jim\documents\visual studio 2015\projects\serialctrldemo\serialctrldemo\debug\serialctrldemo.pch
c:\users\jim\documents\visual studio 2015\projects\serialctrldemo\serialctrldemo\debug\vc140.pdb
c:\users\jim\documents\visual studio 2015\projects\serialctrldemo\serialctrldemo\debug\vc140.idb
c:\users\jim\documents\visual studio 2015\projects\serialctrldemo\serialctrldemo\debug\stdafx.obj
c:\users\jim\documents\visual studio 2015\projects\serialctrldemo\serialctrldemo\debug\serialctrl.obj
c:\users\jim\documents\visual studio 2015\projects\serialctrldemo\serialctrldemo\debug\serialctrldemo.obj
c:\users\jim\documents\visual studio 2015\projects\serialctrldemo\serialctrldemo\debug\serialctrldemodlg.obj
c:\users\jim\documents\visual studio 2015\projects\serialctrldemo\debug\serialctrldemo.ilk
c:\users\jim\documents\visual studio 2015\projects\serialctrldemo\debug\serialctrldemo.exe
c:\users\jim\documents\visual studio 2015\projects\serialctrldemo\debug\serialctrldemo.pdb
c:\users\jim\documents\visual studio 2015\projects\serialctrldemo\serialctrldemo\debug\serialctrldemo.res
c:\users\jim\documents\visual studio 2015\projects\serialctrldemo\serialctrldemo\debug\serialctrldemo.tlog\cl.command.1.tlog
c:\users\jim\documents\visual studio 2015\projects\serialctrldemo\serialctrldemo\debug\serialctrldemo.tlog\cl.read.1.tlog
c:\users\jim\documents\visual studio 2015\projects\serialctrldemo\serialctrldemo\debug\serialctrldemo.tlog\cl.write.1.tlog
c:\users\jim\documents\visual studio 2015\projects\serialctrldemo\serialctrldemo\debug\serialctrldemo.tlog\link.command.1.tlog
c:\users\jim\documents\visual studio 2015\projects\serialctrldemo\serialctrldemo\debug\serialctrldemo.tlog\link.read.1.tlog
c:\users\jim\documents\visual studio 2015\projects\serialctrldemo\serialctrldemo\debug\serialctrldemo.tlog\link.write.1.tlog
c:\users\jim\documents\visual studio 2015\projects\serialctrldemo\serialctrldemo\debug\serialctrldemo.tlog\rc.command.1.tlog
c:\users\jim\documents\visual studio 2015\projects\serialctrldemo\serialctrldemo\debug\serialctrldemo.tlog\rc.read.1.tlog
c:\users\jim\documents\visual studio 2015\projects\serialctrldemo\serialctrldemo\debug\serialctrldemo.tlog\rc.write.1.tlog
